{"/home/laboratoria/Área de Trabalho/Laboratoria/library/credit-card-Validator/lib/index.js":{"path":"/home/laboratoria/Área de Trabalho/Laboratoria/library/credit-card-Validator/lib/index.js","statementMap":{"0":{"start":{"line":2,"column":20},"end":{"line":2,"column":47}},"1":{"start":{"line":3,"column":2},"end":{"line":5,"column":3}},"2":{"start":{"line":3,"column":30},"end":{"line":3,"column":50}},"3":{"start":{"line":4,"column":4},"end":{"line":4,"column":16}},"4":{"start":{"line":6,"column":2},"end":{"line":6,"column":30}},"5":{"start":{"line":10,"column":17},"end":{"line":14,"column":59}},"6":{"start":{"line":12,"column":25},"end":{"line":12,"column":50}},"7":{"start":{"line":13,"column":18},"end":{"line":13,"column":74}},"8":{"start":{"line":14,"column":37},"end":{"line":14,"column":58}},"9":{"start":{"line":15,"column":2},"end":{"line":15,"column":42}},"10":{"start":{"line":18,"column":0},"end":{"line":18,"column":45}}},"fnMap":{"0":{"name":"cardValidator","decl":{"start":{"line":1,"column":9},"end":{"line":1,"column":22}},"loc":{"start":{"line":1,"column":32},"end":{"line":7,"column":1}},"line":1},"1":{"name":"(anonymous_1)","decl":{"start":{"line":3,"column":21},"end":{"line":3,"column":22}},"loc":{"start":{"line":3,"column":30},"end":{"line":3,"column":50}},"line":3},"2":{"name":"checkCard","decl":{"start":{"line":9,"column":9},"end":{"line":9,"column":18}},"loc":{"start":{"line":9,"column":29},"end":{"line":16,"column":1}},"line":9},"3":{"name":"(anonymous_3)","decl":{"start":{"line":12,"column":9},"end":{"line":12,"column":10}},"loc":{"start":{"line":12,"column":25},"end":{"line":12,"column":50}},"line":12},"4":{"name":"(anonymous_4)","decl":{"start":{"line":13,"column":9},"end":{"line":13,"column":10}},"loc":{"start":{"line":13,"column":18},"end":{"line":13,"column":74}},"line":13},"5":{"name":"(anonymous_5)","decl":{"start":{"line":14,"column":12},"end":{"line":14,"column":13}},"loc":{"start":{"line":14,"column":37},"end":{"line":14,"column":58}},"line":14}},"branchMap":{"0":{"loc":{"start":{"line":3,"column":2},"end":{"line":5,"column":3}},"type":"if","locations":[{"start":{"line":3,"column":2},"end":{"line":5,"column":3}},{"start":{"line":3,"column":2},"end":{"line":5,"column":3}}],"line":3},"1":{"loc":{"start":{"line":12,"column":25},"end":{"line":12,"column":50}},"type":"cond-expr","locations":[{"start":{"line":12,"column":37},"end":{"line":12,"column":44}},{"start":{"line":12,"column":47},"end":{"line":12,"column":50}}],"line":12},"2":{"loc":{"start":{"line":13,"column":18},"end":{"line":13,"column":74}},"type":"cond-expr","locations":[{"start":{"line":13,"column":28},"end":{"line":13,"column":58}},{"start":{"line":13,"column":61},"end":{"line":13,"column":74}}],"line":13},"3":{"loc":{"start":{"line":15,"column":9},"end":{"line":15,"column":41}},"type":"cond-expr","locations":[{"start":{"line":15,"column":29},"end":{"line":15,"column":33}},{"start":{"line":15,"column":36},"end":{"line":15,"column":41}}],"line":15}},"s":{"0":3,"1":3,"2":5,"3":1,"4":2,"5":2,"6":27,"7":27,"8":25,"9":2,"10":1},"f":{"0":3,"1":5,"2":2,"3":27,"4":27,"5":25},"b":{"0":[1,2],"1":[13,14],"2":[6,21],"3":[1,1]},"_coverageSchema":"43e27e138ebf9cfc5966b082cf9a028302ed4184","hash":"7aafe0a4d0cda5a4a339e821fea06ef1082d76a8","contentHash":"259bdef0da431756d2a4640097a4f47c16bb9b193d01eef4051e275ca7f2758b"}}