{"/home/laboratoria/Área de Trabalho/Laboratoria/library/credit-card-Validator/lib/index.js":{"path":"/home/laboratoria/Área de Trabalho/Laboratoria/library/credit-card-Validator/lib/index.js","statementMap":{"0":{"start":{"line":2,"column":17},"end":{"line":8,"column":59}},"1":{"start":{"line":6,"column":25},"end":{"line":6,"column":50}},"2":{"start":{"line":7,"column":18},"end":{"line":7,"column":74}},"3":{"start":{"line":8,"column":37},"end":{"line":8,"column":58}},"4":{"start":{"line":9,"column":2},"end":{"line":9,"column":42}},"5":{"start":{"line":12,"column":0},"end":{"line":12,"column":45}}},"fnMap":{"0":{"name":"cardValidator","decl":{"start":{"line":1,"column":9},"end":{"line":1,"column":22}},"loc":{"start":{"line":1,"column":32},"end":{"line":10,"column":1}},"line":1},"1":{"name":"(anonymous_1)","decl":{"start":{"line":6,"column":9},"end":{"line":6,"column":10}},"loc":{"start":{"line":6,"column":25},"end":{"line":6,"column":50}},"line":6},"2":{"name":"(anonymous_2)","decl":{"start":{"line":7,"column":9},"end":{"line":7,"column":10}},"loc":{"start":{"line":7,"column":18},"end":{"line":7,"column":74}},"line":7},"3":{"name":"(anonymous_3)","decl":{"start":{"line":8,"column":12},"end":{"line":8,"column":13}},"loc":{"start":{"line":8,"column":37},"end":{"line":8,"column":58}},"line":8}},"branchMap":{"0":{"loc":{"start":{"line":6,"column":25},"end":{"line":6,"column":50}},"type":"cond-expr","locations":[{"start":{"line":6,"column":37},"end":{"line":6,"column":44}},{"start":{"line":6,"column":47},"end":{"line":6,"column":50}}],"line":6},"1":{"loc":{"start":{"line":7,"column":18},"end":{"line":7,"column":74}},"type":"cond-expr","locations":[{"start":{"line":7,"column":28},"end":{"line":7,"column":58}},{"start":{"line":7,"column":61},"end":{"line":7,"column":74}}],"line":7},"2":{"loc":{"start":{"line":9,"column":9},"end":{"line":9,"column":41}},"type":"cond-expr","locations":[{"start":{"line":9,"column":29},"end":{"line":9,"column":33}},{"start":{"line":9,"column":36},"end":{"line":9,"column":41}}],"line":9}},"s":{"0":2,"1":27,"2":27,"3":25,"4":2,"5":1},"f":{"0":2,"1":27,"2":27,"3":25},"b":{"0":[13,14],"1":[6,21],"2":[1,1]},"_coverageSchema":"43e27e138ebf9cfc5966b082cf9a028302ed4184","hash":"4e4058a127627ed71f5e9f9cc2ee17de99980814","contentHash":"724548bd029778817bd07dae58f955f03b43a1aa6650b9044ddad43a58949864"}}